<?xml version="1.0" encoding="UTF-8"?>
<!-- Generated by org.testng.reporters.JUnitXMLReporter -->
<testsuite ignored="0" hostname="u815d265839a456.ant.amazon.com" failures="0" tests="3" name="Surefire test" time="29.448" errors="0" timestamp="2025-08-12T23:00:33 IST">
  <testcase classname="Test_Scenarios.TestMethods_GoogleSearch" name="searchOperation" time="10.694"/>
  <testcase classname="Test_Scenarios.TestMethods_GoogleSearch" name="verifyAndAccessFacebook" time="11.618"/>
  <testcase classname="Test_Scenarios.TestMethods_GoogleSearch" name="verifyFacebookLogin" time="2.89"/>
</testsuite> <!-- Surefire test -->
