<?xml version="1.0" encoding="UTF-8"?>
<!-- Generated by org.testng.reporters.JUnitXMLReporter -->
<testsuite ignored="0" hostname="u815d265839a456.ant.amazon.com" failures="0" tests="3" name="Default test" time="26.448" errors="0" timestamp="2025-08-12T22:33:41 IST">
  <testcase classname="Test_Scenarios.TestMethods_GoogleSearch" name="searchOperation" time="10.524"/>
  <testcase classname="Test_Scenarios.TestMethods_GoogleSearch" name="verifyAndAccessFacebook" time="11.061"/>
  <testcase classname="Test_Scenarios.TestMethods_GoogleSearch" name="verifyFacebookLogin" time="2.538"/>
</testsuite> <!-- Default test -->
