<?xml version="1.0" encoding="UTF-8"?>
<testng-results ignored="0" total="3" passed="3" failed="0" skipped="0">
  <reporter-output>
  </reporter-output>
  <suite started-at="2025-08-12T23:00:03 IST" name="Surefire suite" finished-at="2025-08-12T23:00:33 IST" duration-ms="29448">
    <groups>
    </groups>
    <test started-at="2025-08-12T23:00:03 IST" name="Surefire test" finished-at="2025-08-12T23:00:33 IST" duration-ms="29448">
      <class name="Test_Scenarios.TestMethods_GoogleSearch">
        <test-method is-config="true" signature="beforetest()[pri:0, instance:Test_Scenarios.TestMethods_GoogleSearch@47542153]" started-at="2025-08-12T23:00:03 IST" name="beforetest" finished-at="2025-08-12T23:00:08 IST" duration-ms="4007" status="PASS">
          <reporter-output>
          </reporter-output>
        </test-method> <!-- beforetest -->
        <test-method signature="searchOperation()[pri:0, instance:Test_Scenarios.TestMethods_GoogleSearch@47542153]" started-at="2025-08-12T23:00:08 IST" name="searchOperation" finished-at="2025-08-12T23:00:18 IST" duration-ms="10694" status="PASS">
          <reporter-output>
          </reporter-output>
        </test-method> <!-- searchOperation -->
        <test-method signature="verifyAndAccessFacebook()[pri:1, instance:Test_Scenarios.TestMethods_GoogleSearch@47542153]" started-at="2025-08-12T23:00:18 IST" name="verifyAndAccessFacebook" finished-at="2025-08-12T23:00:30 IST" duration-ms="11618" status="PASS">
          <reporter-output>
          </reporter-output>
        </test-method> <!-- verifyAndAccessFacebook -->
        <test-method signature="verifyFacebookLogin()[pri:2, instance:Test_Scenarios.TestMethods_GoogleSearch@47542153]" started-at="2025-08-12T23:00:30 IST" name="verifyFacebookLogin" finished-at="2025-08-12T23:00:33 IST" duration-ms="2890" status="PASS">
          <reporter-output>
          </reporter-output>
        </test-method> <!-- verifyFacebookLogin -->
        <test-method is-config="true" signature="afterTest()[pri:0, instance:Test_Scenarios.TestMethods_GoogleSearch@47542153]" started-at="2025-08-12T23:00:33 IST" name="afterTest" finished-at="2025-08-12T23:00:33 IST" duration-ms="144" status="PASS">
          <reporter-output>
          </reporter-output>
        </test-method> <!-- afterTest -->
      </class> <!-- Test_Scenarios.TestMethods_GoogleSearch -->
    </test> <!-- Surefire test -->
  </suite> <!-- Surefire suite -->
</testng-results>
