<?xml version="1.0" encoding="UTF-8"?>
<testng-results ignored="0" total="3" passed="3" failed="0" skipped="0">
  <reporter-output>
  </reporter-output>
  <suite started-at="2025-08-12T22:33:14 IST" name="Default suite" finished-at="2025-08-12T22:33:41 IST" duration-ms="26448">
    <groups>
    </groups>
    <test started-at="2025-08-12T22:33:14 IST" name="Default test" finished-at="2025-08-12T22:33:41 IST" duration-ms="26448">
      <class name="Test_Scenarios.TestMethods_GoogleSearch">
        <test-method is-config="true" signature="beforetest()[pri:0, instance:Test_Scenarios.TestMethods_GoogleSearch@78691363]" started-at="2025-08-12T22:33:14 IST" name="beforetest" finished-at="2025-08-12T22:33:16 IST" duration-ms="2186" status="PASS">
          <reporter-output>
          </reporter-output>
        </test-method> <!-- beforetest -->
        <test-method signature="searchOperation()[pri:0, instance:Test_Scenarios.TestMethods_GoogleSearch@78691363]" started-at="2025-08-12T22:33:16 IST" name="searchOperation" finished-at="2025-08-12T22:33:27 IST" duration-ms="10524" status="PASS">
          <reporter-output>
          </reporter-output>
        </test-method> <!-- searchOperation -->
        <test-method signature="verifyAndAccessFacebook()[pri:0, instance:Test_Scenarios.TestMethods_GoogleSearch@78691363]" started-at="2025-08-12T22:33:27 IST" name="verifyAndAccessFacebook" finished-at="2025-08-12T22:33:38 IST" duration-ms="11061" status="PASS">
          <reporter-output>
          </reporter-output>
        </test-method> <!-- verifyAndAccessFacebook -->
        <test-method signature="verifyFacebookLogin()[pri:0, instance:Test_Scenarios.TestMethods_GoogleSearch@78691363]" started-at="2025-08-12T22:33:38 IST" name="verifyFacebookLogin" finished-at="2025-08-12T22:33:41 IST" duration-ms="2538" status="PASS">
          <reporter-output>
          </reporter-output>
        </test-method> <!-- verifyFacebookLogin -->
        <test-method is-config="true" signature="afterTest()[pri:0, instance:Test_Scenarios.TestMethods_GoogleSearch@78691363]" started-at="2025-08-12T22:33:41 IST" name="afterTest" finished-at="2025-08-12T22:33:41 IST" duration-ms="96" status="PASS">
          <reporter-output>
          </reporter-output>
        </test-method> <!-- afterTest -->
      </class> <!-- Test_Scenarios.TestMethods_GoogleSearch -->
    </test> <!-- Default test -->
  </suite> <!-- Default suite -->
</testng-results>
