<?xml version="1.0" encoding="UTF-8"?>
<!-- Generated by org.testng.reporters.JUnitReportReporter -->
<testsuite hostname="u815d265839a456.ant.amazon.com" failures="0" tests="3" name="Test_Scenarios.TestMethods_GoogleSearch" time="25.202" errors="0" timestamp="2025-08-12T23:00:33 IST" skipped="0">
  <testcase classname="Test_Scenarios.TestMethods_GoogleSearch" name="searchOperation" time="10.694"/>
  <testcase classname="Test_Scenarios.TestMethods_GoogleSearch" name="verifyAndAccessFacebook" time="11.618"/>
  <testcase classname="Test_Scenarios.TestMethods_GoogleSearch" name="verifyFacebookLogin" time="2.890"/>
</testsuite> <!-- Test_Scenarios.TestMethods_GoogleSearch -->
